# JRE version: OpenJDK Runtime Environment (11.0.4+11) (build 11.0.4+11-post-Ubuntu-1ubuntu218.04.3)
# Java VM: OpenJDK 64-Bit Server VM (11.0.4+11-post-Ubuntu-1ubuntu218.04.3, mixed mode, sharing, tiered, compressed oops, g1 gc, linux-amd64)
Heap:
 garbage-first heap   total 224256K, used 22234K [0x0000000084e00000, 0x0000000100000000)
  region size 1024K, 10 young (10240K), 10 survivors (10240K)
 Metaspace       used 52642K, capacity 53901K, committed 54096K, reserved 1095680K
  class space    used 7089K, capacity 7616K, committed 7680K, reserved 1048576K
GC Heap History (10 events):
Event: 1,597 GC heap after
{Heap after GC invocations=4 (full 0):
 garbage-first heap   total 129024K, used 10332K [0x0000000084e00000, 0x0000000100000000)
  region size 1024K, 3 young (3072K), 3 survivors (3072K)
 Metaspace       used 15311K, capacity 15821K, committed 16128K, reserved 1062912K
  class space    used 1981K, capacity 2185K, committed 2304K, reserved 1048576K
}
Event: 1,834 GC heap before
{Heap before GC invocations=4 (full 0):
 garbage-first heap   total 129024K, used 61532K [0x0000000084e00000, 0x0000000100000000)
  region size 1024K, 54 young (55296K), 3 survivors (3072K)
 Metaspace       used 17767K, capacity 18283K, committed 18432K, reserved 1064960K
  class space    used 2296K, capacity 2498K, committed 2560K, reserved 1048576K
}
Event: 1,842 GC heap after
{Heap after GC invocations=5 (full 0):
 garbage-first heap   total 164864K, used 11189K [0x0000000084e00000, 0x0000000100000000)
  region size 1024K, 4 young (4096K), 4 survivors (4096K)
 Metaspace       used 17767K, capacity 18283K, committed 18432K, reserved 1064960K
  class space    used 2296K, capacity 2498K, committed 2560K, reserved 1048576K
}
Event: 2,505 GC heap before
{Heap before GC invocations=5 (full 0):
 garbage-first heap   total 164864K, used 44981K [0x0000000084e00000, 0x0000000100000000)
  region size 1024K, 38 young (38912K), 4 survivors (4096K)
 Metaspace       used 20529K, capacity 21145K, committed 21296K, reserved 1067008K
  class space    used 2620K, capacity 2884K, committed 2944K, reserved 1048576K
}
Event: 2,525 GC heap after
{Heap after GC invocations=6 (full 0):
 garbage-first heap   total 164864K, used 12416K [0x0000000084e00000, 0x0000000100000000)
  region size 1024K, 5 young (5120K), 5 survivors (5120K)
 Metaspace       used 20529K, capacity 21145K, committed 21296K, reserved 1067008K
  class space    used 2620K, capacity 2884K, committed 2944K, reserved 1048576K
}
Event: 4,206 GC heap before
{Heap before GC invocations=7 (full 0):
 garbage-first heap   total 164864K, used 82048K [0x0000000084e00000, 0x0000000100000000)
  region size 1024K, 74 young (75776K), 5 survivors (5120K)
 Metaspace       used 28113K, capacity 29016K, committed 29360K, reserved 1075200K
  class space    used 3601K, capacity 3984K, committed 4096K, reserved 1048576K
}
Event: 4,233 GC heap after
{Heap after GC invocations=8 (full 0):
 garbage-first heap   total 164864K, used 15785K [0x0000000084e00000, 0x0000000100000000)
  region size 1024K, 9 young (9216K), 9 survivors (9216K)
 Metaspace       used 28113K, capacity 29016K, committed 29360K, reserved 1075200K
  class space    used 3601K, capacity 3984K, committed 4096K, reserved 1048576K
}
Event: 5,471 GC heap before
{Heap before GC invocations=8 (full 0):
 garbage-first heap   total 164864K, used 64937K [0x0000000084e00000, 0x0000000100000000)
  region size 1024K, 59 young (60416K), 9 survivors (9216K)
 Metaspace       used 34692K, capacity 35673K, committed 35920K, reserved 1081344K
  class space    used 4643K, capacity 5026K, committed 5120K, reserved 1048576K
}
Event: 5,498 GC heap after
{Heap after GC invocations=9 (full 0):
 garbage-first heap   total 164864K, used 17548K [0x0000000084e00000, 0x0000000100000000)
  region size 1024K, 8 young (8192K), 8 survivors (8192K)
 Metaspace       used 34692K, capacity 35673K, committed 35920K, reserved 1081344K
  class space    used 4643K, capacity 5026K, committed 5120K, reserved 1048576K
}
Event: 15,095 GC heap before
{Heap before GC invocations=10 (full 0):
 garbage-first heap   total 164864K, used 100492K [0x0000000084e00000, 0x0000000100000000)
  region size 1024K, 89 young (91136K), 8 survivors (8192K)
 Metaspace       used 52642K, capacity 53901K, committed 54096K, reserved 1095680K
  class space    used 7089K, capacity 7616K, committed 7680K, reserved 1048576K
}

